  pch.cpp
  Animation.cpp
  Animator.cpp
  Application.cpp
  BackgroundUI.cpp
  ButtonUI.cpp
  CameraMgr.cpp
  Collider.cpp
  CollisionMgr.cpp
  Component.cpp
  EventMgr.cpp
  EventRegisteror.cpp
  GameObject.cpp
  Monster.cpp
  MouseMgr.cpp
  Texture.cpp
  KeyMgr.cpp
  MyEngine.cpp
  Player.cpp
  PlayScene.cpp
  Res.cpp
  컴파일하고 있습니다...
  ResourceMgr.cpp
  Scene.cpp
  SceneMgr.cpp
  Singleton.cpp
  TimeMgr.cpp
  TitleScene.cpp
  UI.cpp
  UtilLib.cpp
  코드를 생성하고 있습니다.
  Previous IPDB not found, fall back to full compilation.
  All 993 functions were compiled because no usable IPDB/IOBJ from previous compilation was found.
  코드를 생성했습니다.
  MyEngine.vcxproj -> C:\WindowsAPI\MyEngine\x64\Release\MyEngine.exe
