c:\windowsapi\myengine\myengine\x64\debug\myengine.pch
c:\windowsapi\myengine\myengine\x64\debug\vc143.pdb
c:\windowsapi\myengine\myengine\x64\debug\vc143.idb
c:\windowsapi\myengine\myengine\x64\debug\pch.obj
c:\windowsapi\myengine\myengine\x64\debug\unity_0z1ue894c4t7gcfy.obj
c:\windowsapi\myengine\myengine\x64\debug\myengine.res
c:\windowsapi\myengine\myengine\x64\debug\unity_wndr6xbx9j8kk873.obj.enc
c:\windowsapi\myengine\x64\debug\myengine.pdb
c:\windowsapi\myengine\myengine\x64\debug\myengine.tlog\cl.command.1.tlog
c:\windowsapi\myengine\myengine\x64\debug\myengine.tlog\cl.read.1.tlog
c:\windowsapi\myengine\myengine\x64\debug\myengine.tlog\cl.write.1.tlog
c:\windowsapi\myengine\myengine\x64\debug\myengine.tlog\link-cvtres.read.1.tlog
c:\windowsapi\myengine\myengine\x64\debug\myengine.tlog\link-cvtres.write.1.tlog
c:\windowsapi\myengine\myengine\x64\debug\myengine.tlog\link-rc.read.1.tlog
c:\windowsapi\myengine\myengine\x64\debug\myengine.tlog\link-rc.write.1.tlog
c:\windowsapi\myengine\myengine\x64\debug\myengine.tlog\link.16476-cvtres.read.1.tlog
c:\windowsapi\myengine\myengine\x64\debug\myengine.tlog\link.16476-cvtres.write.1.tlog
c:\windowsapi\myengine\myengine\x64\debug\myengine.tlog\link.16476-rc.read.1.tlog
c:\windowsapi\myengine\myengine\x64\debug\myengine.tlog\link.16476-rc.write.1.tlog
c:\windowsapi\myengine\myengine\x64\debug\myengine.tlog\link.16476.read.1.tlog
c:\windowsapi\myengine\myengine\x64\debug\myengine.tlog\link.16476.read.2.tlog
c:\windowsapi\myengine\myengine\x64\debug\myengine.tlog\link.16476.write.1.tlog
c:\windowsapi\myengine\myengine\x64\debug\myengine.tlog\link.command.1.tlog
c:\windowsapi\myengine\myengine\x64\debug\myengine.tlog\link.read.1.tlog
c:\windowsapi\myengine\myengine\x64\debug\myengine.tlog\link.read.2.tlog
c:\windowsapi\myengine\myengine\x64\debug\myengine.tlog\link.write.1.tlog
c:\windowsapi\myengine\myengine\x64\debug\myengine.tlog\rc.command.1.tlog
c:\windowsapi\myengine\myengine\x64\debug\myengine.tlog\rc.read.1.tlog
c:\windowsapi\myengine\myengine\x64\debug\myengine.tlog\rc.write.1.tlog
