  unity_V3282SPJOYH61Z5M.cpp
C:\WindowsAPI\MyEngine\MyEngine\Animator.cpp(138,22): warning C4244: '인수': 'const float'에서 'int'(으)로 변환하면서 데이터가 손실될 수 있습니다.
C:\WindowsAPI\MyEngine\MyEngine\Animator.cpp(137,22): warning C4244: '인수': 'const float'에서 'int'(으)로 변환하면서 데이터가 손실될 수 있습니다.
C:\WindowsAPI\MyEngine\MyEngine\Animator.cpp(136,24): warning C4244: '인수': 'const float'에서 'int'(으)로 변환하면서 데이터가 손실될 수 있습니다.
C:\WindowsAPI\MyEngine\MyEngine\Animator.cpp(135,24): warning C4244: '인수': 'const float'에서 'int'(으)로 변환하면서 데이터가 손실될 수 있습니다.
C:\WindowsAPI\MyEngine\MyEngine\Animator.cpp(133,22): warning C4244: '인수': 'const float'에서 'int'(으)로 변환하면서 데이터가 손실될 수 있습니다.
C:\WindowsAPI\MyEngine\MyEngine\Animator.cpp(132,22): warning C4244: '인수': 'const float'에서 'int'(으)로 변환하면서 데이터가 손실될 수 있습니다.
C:\WindowsAPI\MyEngine\MyEngine\Animator.cpp(148,22): warning C4244: '인수': 'const float'에서 'int'(으)로 변환하면서 데이터가 손실될 수 있습니다.
C:\WindowsAPI\MyEngine\MyEngine\Animator.cpp(147,22): warning C4244: '인수': 'const float'에서 'int'(으)로 변환하면서 데이터가 손실될 수 있습니다.
C:\WindowsAPI\MyEngine\MyEngine\Animator.cpp(162,22): warning C4244: '인수': 'const float'에서 'int'(으)로 변환하면서 데이터가 손실될 수 있습니다.
C:\WindowsAPI\MyEngine\MyEngine\Animator.cpp(161,22): warning C4244: '인수': 'const float'에서 'int'(으)로 변환하면서 데이터가 손실될 수 있습니다.
C:\WindowsAPI\MyEngine\MyEngine\Animator.cpp(158,22): warning C4244: '인수': 'const float'에서 'int'(으)로 변환하면서 데이터가 손실될 수 있습니다.
C:\WindowsAPI\MyEngine\MyEngine\Animator.cpp(157,22): warning C4244: '인수': 'const float'에서 'int'(으)로 변환하면서 데이터가 손실될 수 있습니다.
C:\WindowsAPI\MyEngine\MyEngine\Animator.cpp(156,24): warning C4244: '인수': 'const float'에서 'int'(으)로 변환하면서 데이터가 손실될 수 있습니다.
C:\WindowsAPI\MyEngine\MyEngine\Animator.cpp(155,24): warning C4244: '인수': 'const float'에서 'int'(으)로 변환하면서 데이터가 손실될 수 있습니다.
C:\WindowsAPI\MyEngine\MyEngine\Animator.cpp(179,2): warning C4267: '인수': 'size_t'에서 'UINT'(으)로 변환하면서 데이터가 손실될 수 있습니다.
C:\WindowsAPI\MyEngine\MyEngine\Sword.cpp(75,15): warning C4305: '-=': 'double'에서 'float'(으)로 잘립니다.
C:\WindowsAPI\MyEngine\MyEngine\Sword.cpp(78,14): warning C4244: '초기화 중': 'float'에서 'int'(으)로 변환하면서 데이터가 손실될 수 있습니다.
C:\WindowsAPI\MyEngine\MyEngine\Sword.cpp(89,19): warning C4244: '=': 'double'에서 'float'(으)로 변환하면서 데이터가 손실될 수 있습니다.
  MyEngine.vcxproj -> C:\WindowsAPI\MyEngine\x64\Debug\MyEngine.exe
